{"C:\\Users\\karee\\OneDrive\\Desktop\\E-T-B API\\src\\db.js": {"path":"C:\\Users\\karee\\OneDrive\\Desktop\\E-T-B API\\src\\db.js","statementMap":{"0":{"start":{"line":1,"column":17},"end":{"line":1,"column":30}},"1":{"start":{"line":2,"column":0},"end":{"line":2,"column":27}},"2":{"start":{"line":4,"column":13},"end":{"line":9,"column":2}},"3":{"start":{"line":11,"column":0},"end":{"line":11,"column":22}}},"fnMap":{},"branchMap":{},"s":{"0":4,"1":4,"2":4,"3":4},"f":{},"b":{},"_coverageSchema":"1a1c01bbd47fc00a2c39e90264f33305004495a9","hash":"8cfe3a027deded1dd1724751e40e0e0e4d74450e"}
,"C:\\Users\\karee\\OneDrive\\Desktop\\E-T-B API\\src\\controllers\\bookingController.js": {"path":"C:\\Users\\karee\\OneDrive\\Desktop\\E-T-B API\\src\\controllers\\bookingController.js","statementMap":{"0":{"start":{"line":1,"column":13},"end":{"line":1,"column":29}},"1":{"start":{"line":2,"column":16},"end":{"line":2,"column":52}},"2":{"start":{"line":4,"column":19},"end":{"line":28,"column":1}},"3":{"start":{"line":5,"column":30},"end":{"line":5,"column":38}},"4":{"start":{"line":7,"column":2},"end":{"line":27,"column":3}},"5":{"start":{"line":8,"column":18},"end":{"line":8,"column":66}},"6":{"start":{"line":10,"column":4},"end":{"line":11,"column":66}},"7":{"start":{"line":11,"column":6},"end":{"line":11,"column":66}},"8":{"start":{"line":13,"column":4},"end":{"line":22,"column":5}},"9":{"start":{"line":14,"column":6},"end":{"line":14,"column":62}},"10":{"start":{"line":15,"column":6},"end":{"line":15,"column":56}},"11":{"start":{"line":16,"column":6},"end":{"line":16,"column":77}},"12":{"start":{"line":18,"column":6},"end":{"line":18,"column":63}},"13":{"start":{"line":19,"column":6},"end":{"line":21,"column":66}},"14":{"start":{"line":24,"column":4},"end":{"line":26,"column":71}},"15":{"start":{"line":30,"column":0},"end":{"line":32,"column":2}}},"fnMap":{"0":{"name":"(anonymous_0)","decl":{"start":{"line":4,"column":19},"end":{"line":4,"column":20}},"loc":{"start":{"line":4,"column":39},"end":{"line":28,"column":1}},"line":4}},"branchMap":{"0":{"loc":{"start":{"line":10,"column":4},"end":{"line":11,"column":66}},"type":"if","locations":[{"start":{"line":10,"column":4},"end":{"line":11,"column":66}},{"start":{},"end":{}}],"line":10},"1":{"loc":{"start":{"line":13,"column":4},"end":{"line":22,"column":5}},"type":"if","locations":[{"start":{"line":13,"column":4},"end":{"line":22,"column":5}},{"start":{"line":17,"column":11},"end":{"line":22,"column":5}}],"line":13}},"s":{"0":1,"1":1,"2":1,"3":3,"4":3,"5":3,"6":3,"7":1,"8":2,"9":1,"10":1,"11":1,"12":1,"13":1,"14":0,"15":1},"f":{"0":3},"b":{"0":[1,2],"1":[1,1]},"_coverageSchema":"1a1c01bbd47fc00a2c39e90264f33305004495a9","hash":"ac67fa625014b95029ffa01b40fca41214d92f64"}
,"C:\\Users\\karee\\OneDrive\\Desktop\\E-T-B API\\src\\controllers\\cancelControllers.js": {"path":"C:\\Users\\karee\\OneDrive\\Desktop\\E-T-B API\\src\\controllers\\cancelControllers.js","statementMap":{"0":{"start":{"line":1,"column":13},"end":{"line":1,"column":29}},"1":{"start":{"line":2,"column":16},"end":{"line":2,"column":51}},"2":{"start":{"line":4,"column":21},"end":{"line":35,"column":1}},"3":{"start":{"line":5,"column":30},"end":{"line":5,"column":38}},"4":{"start":{"line":7,"column":2},"end":{"line":34,"column":3}},"5":{"start":{"line":8,"column":20},"end":{"line":11,"column":6}},"6":{"start":{"line":12,"column":4},"end":{"line":12,"column":25}},"7":{"start":{"line":14,"column":4},"end":{"line":15,"column":68}},"8":{"start":{"line":15,"column":6},"end":{"line":15,"column":68}},"9":{"start":{"line":17,"column":4},"end":{"line":17,"column":66}},"10":{"start":{"line":19,"column":24},"end":{"line":19,"column":78}},"11":{"start":{"line":21,"column":4},"end":{"line":29,"column":5}},"12":{"start":{"line":22,"column":6},"end":{"line":25,"column":9}},"13":{"start":{"line":26,"column":6},"end":{"line":26,"column":76}},"14":{"start":{"line":28,"column":6},"end":{"line":28,"column":56}},"15":{"start":{"line":31,"column":4},"end":{"line":31,"column":71}},"16":{"start":{"line":33,"column":4},"end":{"line":33,"column":72}},"17":{"start":{"line":37,"column":0},"end":{"line":39,"column":2}}},"fnMap":{"0":{"name":"(anonymous_0)","decl":{"start":{"line":4,"column":21},"end":{"line":4,"column":22}},"loc":{"start":{"line":4,"column":41},"end":{"line":35,"column":1}},"line":4}},"branchMap":{"0":{"loc":{"start":{"line":14,"column":4},"end":{"line":15,"column":68}},"type":"if","locations":[{"start":{"line":14,"column":4},"end":{"line":15,"column":68}},{"start":{},"end":{}}],"line":14},"1":{"loc":{"start":{"line":21,"column":4},"end":{"line":29,"column":5}},"type":"if","locations":[{"start":{"line":21,"column":4},"end":{"line":29,"column":5}},{"start":{"line":27,"column":11},"end":{"line":29,"column":5}}],"line":21}},"s":{"0":1,"1":1,"2":1,"3":4,"4":4,"5":4,"6":4,"7":4,"8":1,"9":2,"10":2,"11":2,"12":0,"13":0,"14":0,"15":0,"16":3,"17":1},"f":{"0":4},"b":{"0":[1,2],"1":[0,0]},"_coverageSchema":"1a1c01bbd47fc00a2c39e90264f33305004495a9","hash":"504cc336b7cf2889e31f1d252e4f505dc1e67dc9"}
,"C:\\Users\\karee\\OneDrive\\Desktop\\E-T-B API\\src\\controllers\\eventController.js": {"path":"C:\\Users\\karee\\OneDrive\\Desktop\\E-T-B API\\src\\controllers\\eventController.js","statementMap":{"0":{"start":{"line":1,"column":13},"end":{"line":1,"column":29}},"1":{"start":{"line":2,"column":16},"end":{"line":2,"column":50}},"2":{"start":{"line":4,"column":20},"end":{"line":19,"column":1}},"3":{"start":{"line":5,"column":34},"end":{"line":5,"column":42}},"4":{"start":{"line":7,"column":2},"end":{"line":18,"column":3}},"5":{"start":{"line":8,"column":19},"end":{"line":12,"column":6}},"6":{"start":{"line":13,"column":4},"end":{"line":13,"column":41}},"7":{"start":{"line":15,"column":4},"end":{"line":15,"column":23}},"8":{"start":{"line":17,"column":4},"end":{"line":17,"column":69}},"9":{"start":{"line":21,"column":0},"end":{"line":23,"column":2}}},"fnMap":{"0":{"name":"(anonymous_0)","decl":{"start":{"line":4,"column":20},"end":{"line":4,"column":21}},"loc":{"start":{"line":4,"column":40},"end":{"line":19,"column":1}},"line":4}},"branchMap":{},"s":{"0":1,"1":1,"2":1,"3":1,"4":1,"5":1,"6":1,"7":0,"8":0,"9":1},"f":{"0":1},"b":{},"_coverageSchema":"1a1c01bbd47fc00a2c39e90264f33305004495a9","hash":"1d45c3c674774cbe4970965a3e5fb6736e6cf986"}
,"C:\\Users\\karee\\OneDrive\\Desktop\\E-T-B API\\src\\controllers\\eventStatusControllers.js": {"path":"C:\\Users\\karee\\OneDrive\\Desktop\\E-T-B API\\src\\controllers\\eventStatusControllers.js","statementMap":{"0":{"start":{"line":1,"column":13},"end":{"line":1,"column":29}},"1":{"start":{"line":2,"column":16},"end":{"line":2,"column":56}},"2":{"start":{"line":4,"column":20},"end":{"line":23,"column":1}},"3":{"start":{"line":5,"column":23},"end":{"line":5,"column":33}},"4":{"start":{"line":7,"column":2},"end":{"line":22,"column":3}},"5":{"start":{"line":8,"column":18},"end":{"line":8,"column":68}},"6":{"start":{"line":9,"column":4},"end":{"line":10,"column":66}},"7":{"start":{"line":10,"column":6},"end":{"line":10,"column":66}},"8":{"start":{"line":12,"column":21},"end":{"line":12,"column":72}},"9":{"start":{"line":13,"column":24},"end":{"line":13,"column":74}},"10":{"start":{"line":15,"column":4},"end":{"line":19,"column":7}},"11":{"start":{"line":21,"column":4},"end":{"line":21,"column":76}},"12":{"start":{"line":25,"column":0},"end":{"line":27,"column":2}}},"fnMap":{"0":{"name":"(anonymous_0)","decl":{"start":{"line":4,"column":20},"end":{"line":4,"column":21}},"loc":{"start":{"line":4,"column":40},"end":{"line":23,"column":1}},"line":4}},"branchMap":{"0":{"loc":{"start":{"line":9,"column":4},"end":{"line":10,"column":66}},"type":"if","locations":[{"start":{"line":9,"column":4},"end":{"line":10,"column":66}},{"start":{},"end":{}}],"line":9}},"s":{"0":1,"1":1,"2":1,"3":2,"4":2,"5":2,"6":2,"7":1,"8":1,"9":1,"10":1,"11":0,"12":1},"f":{"0":2},"b":{"0":[1,1]},"_coverageSchema":"1a1c01bbd47fc00a2c39e90264f33305004495a9","hash":"523035a3b48ad286d41dd9febccb887f9cebd9d4"}
,"C:\\Users\\karee\\OneDrive\\Desktop\\E-T-B API\\src\\queries\\bookingQueries.js": {"path":"C:\\Users\\karee\\OneDrive\\Desktop\\E-T-B API\\src\\queries\\bookingQueries.js","statementMap":{"0":{"start":{"line":1,"column":19},"end":{"line":1,"column":54}},"1":{"start":{"line":2,"column":19},"end":{"line":2,"column":74}},"2":{"start":{"line":4,"column":2},"end":{"line":4,"column":76}},"3":{"start":{"line":5,"column":20},"end":{"line":5,"column":75}},"4":{"start":{"line":7,"column":0},"end":{"line":12,"column":2}}},"fnMap":{},"branchMap":{},"s":{"0":1,"1":1,"2":1,"3":1,"4":1},"f":{},"b":{},"_coverageSchema":"1a1c01bbd47fc00a2c39e90264f33305004495a9","hash":"d4c29366c0d53c2c341f97627159a599db0f160f"}
,"C:\\Users\\karee\\OneDrive\\Desktop\\E-T-B API\\src\\queries\\cancelQueries.js": {"path":"C:\\Users\\karee\\OneDrive\\Desktop\\E-T-B API\\src\\queries\\cancelQueries.js","statementMap":{"0":{"start":{"line":2,"column":2},"end":{"line":2,"column":60}},"1":{"start":{"line":3,"column":22},"end":{"line":3,"column":57}},"2":{"start":{"line":5,"column":2},"end":{"line":5,"column":65}},"3":{"start":{"line":7,"column":2},"end":{"line":7,"column":57}},"4":{"start":{"line":8,"column":26},"end":{"line":8,"column":61}},"5":{"start":{"line":10,"column":2},"end":{"line":10,"column":76}},"6":{"start":{"line":12,"column":0},"end":{"line":19,"column":2}}},"fnMap":{},"branchMap":{},"s":{"0":1,"1":1,"2":1,"3":1,"4":1,"5":1,"6":1},"f":{},"b":{},"_coverageSchema":"1a1c01bbd47fc00a2c39e90264f33305004495a9","hash":"5bc6e7146b157b2fdab4772f6e32878601601dea"}
,"C:\\Users\\karee\\OneDrive\\Desktop\\E-T-B API\\src\\queries\\eventQueries.js": {"path":"C:\\Users\\karee\\OneDrive\\Desktop\\E-T-B API\\src\\queries\\eventQueries.js","statementMap":{"0":{"start":{"line":1,"column":20},"end":{"line":1,"column":112}},"1":{"start":{"line":5,"column":0},"end":{"line":7,"column":1}}},"fnMap":{},"branchMap":{},"s":{"0":1,"1":1},"f":{},"b":{},"_coverageSchema":"1a1c01bbd47fc00a2c39e90264f33305004495a9","hash":"2521096e409d7eb755a9208caa4a9cfb79a6202a"}
,"C:\\Users\\karee\\OneDrive\\Desktop\\E-T-B API\\src\\queries\\eventStatusQueries.js": {"path":"C:\\Users\\karee\\OneDrive\\Desktop\\E-T-B API\\src\\queries\\eventStatusQueries.js","statementMap":{"0":{"start":{"line":1,"column":21},"end":{"line":1,"column":56}},"1":{"start":{"line":2,"column":22},"end":{"line":2,"column":72}},"2":{"start":{"line":3,"column":21},"end":{"line":3,"column":71}},"3":{"start":{"line":5,"column":0},"end":{"line":9,"column":2}}},"fnMap":{},"branchMap":{},"s":{"0":1,"1":1,"2":1,"3":1},"f":{},"b":{},"_coverageSchema":"1a1c01bbd47fc00a2c39e90264f33305004495a9","hash":"6372dc120d4ab4dd904b422d3849fcb083c98711"}
}
